<?xml version="1.0" encoding="UTF-8"?>
<!-- Generated by org.testng.reporters.JUnitReportReporter -->
<testsuite skipped="0" hostname="SANJAY" name="com.testCases.TC_01_Login" tests="1" failures="0" timestamp="07 Aug 2019 15:10:54 GMT" time="11.374" errors="0">
  <testcase name="login" time="11.374" classname="com.testCases.TC_01_Login"/>
</testsuite> <!-- com.testCases.TC_01_Login -->
